This file contains any messages produced by compilers while
running configure, to aid debugging if configure makes a mistake.

It was created by configure, which was
generated by GNU Autoconf 2.69.  Invocation command line was

  $ ./configure --with-php-config=/home/work/php/php-7.2.11/.tmp/install/php/bin/php-config

## --------- ##
## Platform. ##
## --------- ##

hostname = VM_0_11_centos
uname -m = x86_64
uname -r = 3.10.0-514.21.1.el7.x86_64
uname -s = Linux
uname -v = #1 SMP Thu May 25 17:04:51 UTC 2017

/usr/bin/uname -p = x86_64
/bin/uname -X     = unknown

/bin/arch              = x86_64
/usr/bin/arch -k       = unknown
/usr/convex/getsysinfo = unknown
/usr/bin/hostinfo      = unknown
/bin/machine           = unknown
/usr/bin/oslevel       = unknown
/bin/universe          = unknown

PATH: /usr/bin/gcc
PATH: /usr/local/sbin
PATH: /usr/local/bin
PATH: /usr/sbin
PATH: /usr/bin
PATH: /root/bin


## ----------- ##
## Core tests. ##
## ----------- ##

configure:2304: checking for grep that handles long lines and -e
configure:2362: result: /usr/bin/grep
configure:2367: checking for egrep
configure:2429: result: /usr/bin/grep -E
configure:2434: checking for a sed that does not truncate output
configure:2488: result: /usr/bin/sed
configure:2683: checking for C compiler version
configure:2692: /usr/bin/gcc --version >&5
gcc (GCC) 4.8.5 20150623 (Red Hat 4.8.5-28)
Copyright (C) 2015 Free Software Foundation, Inc.
This is free software; see the source for copying conditions.  There is NO
warranty; not even for MERCHANTABILITY or FITNESS FOR A PARTICULAR PURPOSE.

configure:2703: $? = 0
configure:2692: /usr/bin/gcc -v >&5
Using built-in specs.
COLLECT_GCC=/usr/bin/gcc
COLLECT_LTO_WRAPPER=/usr/libexec/gcc/x86_64-redhat-linux/4.8.5/lto-wrapper
Target: x86_64-redhat-linux
Configured with: ../configure --prefix=/usr --mandir=/usr/share/man --infodir=/usr/share/info --with-bugurl=http://bugzilla.redhat.com/bugzilla --enable-bootstrap --enable-shared --enable-threads=posix --enable-checking=release --with-system-zlib --enable-__cxa_atexit --disable-libunwind-exceptions --enable-gnu-unique-object --enable-linker-build-id --with-linker-hash-style=gnu --enable-languages=c,c++,objc,obj-c++,java,fortran,ada,go,lto --enable-plugin --enable-initfini-array --disable-libgcj --with-isl=/builddir/build/BUILD/gcc-4.8.5-20150702/obj-x86_64-redhat-linux/isl-install --with-cloog=/builddir/build/BUILD/gcc-4.8.5-20150702/obj-x86_64-redhat-linux/cloog-install --enable-gnu-indirect-function --with-tune=generic --with-arch_32=x86-64 --build=x86_64-redhat-linux
Thread model: posix
gcc version 4.8.5 20150623 (Red Hat 4.8.5-28) (GCC) 
configure:2703: $? = 0
configure:2692: /usr/bin/gcc -V >&5
gcc: error: unrecognized command line option '-V'
gcc: fatal error: no input files
compilation terminated.
configure:2703: $? = 4
configure:2692: /usr/bin/gcc -qversion >&5
gcc: error: unrecognized command line option '-qversion'
gcc: fatal error: no input files
compilation terminated.
configure:2703: $? = 4
configure:2723: checking whether the C compiler works
configure:2745: /usr/bin/gcc -g -O2 -fPIC   conftest.c  >&5
configure:2749: $? = 0
configure:2797: result: yes
configure:2800: checking for C compiler default output file name
configure:2802: result: a.out
configure:2808: checking for suffix of executables
configure:2815: /usr/bin/gcc -o conftest -g -O2 -fPIC   conftest.c  >&5
configure:2819: $? = 0
configure:2841: result: 
configure:2863: checking whether we are cross compiling
configure:2871: /usr/bin/gcc -o conftest -g -O2 -fPIC   conftest.c  >&5
configure:2875: $? = 0
configure:2882: ./conftest
configure:2886: $? = 0
configure:2901: result: no
configure:2906: checking for suffix of object files
configure:2928: /usr/bin/gcc -c -g -O2 -fPIC  conftest.c >&5
configure:2932: $? = 0
configure:2953: result: o
configure:2957: checking whether we are using the GNU C compiler
configure:2976: /usr/bin/gcc -c -g -O2 -fPIC  conftest.c >&5
configure:2976: $? = 0
configure:2985: result: yes
configure:2994: checking whether /usr/bin/gcc accepts -g
configure:3014: /usr/bin/gcc -c -g  conftest.c >&5
configure:3014: $? = 0
configure:3055: result: yes
configure:3072: checking for /usr/bin/gcc option to accept ISO C89
configure:3135: /usr/bin/gcc  -c -g -O2 -fPIC  conftest.c >&5
configure:3135: $? = 0
configure:3148: result: none needed
configure:3174: checking how to run the C preprocessor
configure:3205: /usr/bin/gcc -E  conftest.c
configure:3205: $? = 0
configure:3219: /usr/bin/gcc -E  conftest.c
conftest.c:9:28: fatal error: ac_nonexistent.h: No such file or directory
 #include <ac_nonexistent.h>
                            ^
compilation terminated.
configure:3219: $? = 1
configure: failed program was:
| /* confdefs.h */
| #define PACKAGE_NAME ""
| #define PACKAGE_TARNAME ""
| #define PACKAGE_VERSION ""
| #define PACKAGE_STRING ""
| #define PACKAGE_BUGREPORT ""
| #define PACKAGE_URL ""
| /* end confdefs.h.  */
| #include <ac_nonexistent.h>
configure:3244: result: /usr/bin/gcc -E
configure:3264: /usr/bin/gcc -E  conftest.c
configure:3264: $? = 0
configure:3278: /usr/bin/gcc -E  conftest.c
conftest.c:9:28: fatal error: ac_nonexistent.h: No such file or directory
 #include <ac_nonexistent.h>
                            ^
compilation terminated.
configure:3278: $? = 1
configure: failed program was:
| /* confdefs.h */
| #define PACKAGE_NAME ""
| #define PACKAGE_TARNAME ""
| #define PACKAGE_VERSION ""
| #define PACKAGE_STRING ""
| #define PACKAGE_BUGREPORT ""
| #define PACKAGE_URL ""
| /* end confdefs.h.  */
| #include <ac_nonexistent.h>
configure:3309: checking for icc
configure:3318: result: no
configure:3332: checking for suncc
configure:3341: result: no
configure:3356: checking whether /usr/bin/gcc and cc understand -c and -o together
configure:3387: /usr/bin/gcc -c conftest.c -o conftest2.o >&5
configure:3391: $? = 0
configure:3397: /usr/bin/gcc -c conftest.c -o conftest2.o >&5
configure:3401: $? = 0
configure:3412: cc -c conftest.c >&5
configure:3416: $? = 0
configure:3424: cc -c conftest.c -o conftest2.o >&5
configure:3428: $? = 0
configure:3434: cc -c conftest.c -o conftest2.o >&5
configure:3438: $? = 0
configure:3456: result: yes
configure:3470: checking for system library directory
configure:3485: result: lib
configure:3492: checking if compiler supports -R
configure:3511: /usr/bin/gcc -o conftest -g -O2 -fPIC   conftest.c -R /usr/lib  >&5
gcc: error: unrecognized command line option '-R'
configure:3511: $? = 1
configure: failed program was:
| /* confdefs.h */
| #define PACKAGE_NAME ""
| #define PACKAGE_TARNAME ""
| #define PACKAGE_VERSION ""
| #define PACKAGE_STRING ""
| #define PACKAGE_BUGREPORT ""
| #define PACKAGE_URL ""
| /* end confdefs.h.  */
| 
| int
| main ()
| {
| 
|   ;
|   return 0;
| }
configure:3521: result: no
configure:3526: checking if compiler supports -Wl,-rpath,
configure:3545: /usr/bin/gcc -o conftest -g -O2 -fPIC   conftest.c -Wl,-rpath,/usr/lib  >&5
configure:3545: $? = 0
configure:3555: result: yes
configure:3600: checking build system type
configure:3614: result: x86_64-unknown-linux-gnu
configure:3634: checking host system type
configure:3647: result: x86_64-unknown-linux-gnu
configure:3667: checking target system type
configure:3680: result: x86_64-unknown-linux-gnu
configure:3783: checking for PHP prefix
configure:3785: result: /home/work/php/php-7.2.11/.tmp/install/php
configure:3787: checking for PHP includes
configure:3789: result: -I/home/work/php/php-7.2.11/.tmp/install/php/include/php -I/home/work/php/php-7.2.11/.tmp/install/php/include/php/main -I/home/work/php/php-7.2.11/.tmp/install/php/include/php/TSRM -I/home/work/php/php-7.2.11/.tmp/install/php/include/php/Zend -I/home/work/php/php-7.2.11/.tmp/install/php/include/php/ext -I/home/work/php/php-7.2.11/.tmp/install/php/include/php/ext/date/lib
configure:3791: checking for PHP extension directory
configure:3793: result: /home/work/php/php-7.2.11/.tmp/install/php/ext
configure:3795: checking for PHP installed headers prefix
configure:3797: result: /home/work/php/php-7.2.11/.tmp/install/php/include/php
configure:3800: checking if debug is enabled
configure:3826: result: no
configure:3829: checking if zts is enabled
configure:3855: result: no
configure:3926: checking for re2c
configure:3956: result: no
configure:3981: WARNING: You will need re2c 0.13.4 or later if you want to regenerate PHP parsers.
configure:3995: checking for gawk
configure:4012: found /usr/bin/gawk
configure:4023: result: gawk
configure:4069: checking for MySQLi support
configure:4109: result: yes, shared
configure:4118: checking whether to enable embedded MySQLi support
configure:4132: result: no
configure:4141: checking for specified location of the MySQL UNIX socket
configure:4156: result: no
configure:4785: checking for MySQL UNIX socket location
configure:4829: result: no
configure:5263: checking for ld used by /usr/bin/gcc
configure:5330: result: /usr/bin/ld
configure:5337: checking if the linker (/usr/bin/ld) is GNU ld
configure:5352: result: yes
configure:5357: checking for /usr/bin/ld option to reload object files
configure:5364: result: -r
configure:5382: checking for BSD-compatible nm
configure:5431: result: /usr/bin/nm -B
configure:5435: checking whether ln -s works
configure:5439: result: yes
configure:5446: checking how to recognize dependent libraries
configure:5632: result: pass_all
configure:5717: /usr/bin/gcc -c -g -O2 -fPIC  conftest.c >&5
configure:5720: $? = 0
configure:5850: checking for ANSI C header files
configure:5870: /usr/bin/gcc -c -g -O2 -fPIC  conftest.c >&5
configure:5870: $? = 0
configure:5943: /usr/bin/gcc -o conftest -g -O2 -fPIC   conftest.c  >&5
configure:5943: $? = 0
configure:5943: ./conftest
configure:5943: $? = 0
configure:5954: result: yes
configure:5967: checking for sys/types.h
configure:5967: /usr/bin/gcc -c -g -O2 -fPIC  conftest.c >&5
configure:5967: $? = 0
configure:5967: result: yes
configure:5967: checking for sys/stat.h
configure:5967: /usr/bin/gcc -c -g -O2 -fPIC  conftest.c >&5
configure:5967: $? = 0
configure:5967: result: yes
configure:5967: checking for stdlib.h
configure:5967: /usr/bin/gcc -c -g -O2 -fPIC  conftest.c >&5
configure:5967: $? = 0
configure:5967: result: yes
configure:5967: checking for string.h
configure:5967: /usr/bin/gcc -c -g -O2 -fPIC  conftest.c >&5
configure:5967: $? = 0
configure:5967: result: yes
configure:5967: checking for memory.h
configure:5967: /usr/bin/gcc -c -g -O2 -fPIC  conftest.c >&5
configure:5967: $? = 0
configure:5967: result: yes
configure:5967: checking for strings.h
configure:5967: /usr/bin/gcc -c -g -O2 -fPIC  conftest.c >&5
configure:5967: $? = 0
configure:5967: result: yes
configure:5967: checking for inttypes.h
configure:5967: /usr/bin/gcc -c -g -O2 -fPIC  conftest.c >&5
configure:5967: $? = 0
configure:5967: result: yes
configure:5967: checking for stdint.h
configure:5967: /usr/bin/gcc -c -g -O2 -fPIC  conftest.c >&5
configure:5967: $? = 0
configure:5967: result: yes
configure:5967: checking for unistd.h
configure:5967: /usr/bin/gcc -c -g -O2 -fPIC  conftest.c >&5
configure:5967: $? = 0
configure:5967: result: yes
configure:5981: checking dlfcn.h usability
configure:5981: /usr/bin/gcc -c -g -O2 -fPIC  conftest.c >&5
configure:5981: $? = 0
configure:5981: result: yes
configure:5981: checking dlfcn.h presence
configure:5981: /usr/bin/gcc -E  conftest.c
configure:5981: $? = 0
configure:5981: result: yes
configure:5981: checking for dlfcn.h
configure:5981: result: yes
configure:6003: checking the maximum length of command line arguments
configure:6115: result: 1572864
configure:6127: checking command to parse /usr/bin/nm -B output from /usr/bin/gcc object
configure:6232: /usr/bin/gcc -c -g -O2 -fPIC  conftest.c >&5
configure:6235: $? = 0
configure:6239: /usr/bin/nm -B conftest.o \| sed -n -e 's/^.*[ 	]\([ABCDGIRSTW][ABCDGIRSTW]*\)[ 	][ 	]*\([_A-Za-z][_A-Za-z0-9]*\)$/\1 \2 \2/p' \> conftest.nm
configure:6242: $? = 0
configure:6294: /usr/bin/gcc -o conftest -g -O2 -fPIC   conftest.c conftstm.o >&5
configure:6297: $? = 0
configure:6335: result: ok
configure:6339: checking for objdir
configure:6354: result: .libs
configure:6446: checking for ar
configure:6462: found /usr/bin/ar
configure:6473: result: ar
configure:6538: checking for ranlib
configure:6554: found /usr/bin/ranlib
configure:6565: result: ranlib
configure:6630: checking for strip
configure:6646: found /usr/bin/strip
configure:6657: result: strip
configure:7226: checking if /usr/bin/gcc supports -fno-rtti -fno-exceptions
configure:7244: /usr/bin/gcc -c -g -O2 -fPIC  -fno-rtti -fno-exceptions conftest.c >&5
cc1: warning: command line option '-fno-rtti' is valid for C++/ObjC++ but not for C [enabled by default]
configure:7248: $? = 0
configure:7261: result: no
configure:7276: checking for /usr/bin/gcc option to produce PIC
configure:7516: result: -fPIC
configure:7524: checking if /usr/bin/gcc PIC flag -fPIC works
configure:7542: /usr/bin/gcc -c -g -O2 -fPIC  -fPIC -DPIC conftest.c >&5
configure:7546: $? = 0
configure:7559: result: yes
configure:7587: checking if /usr/bin/gcc static flag -static works
configure:7615: result: no
configure:7625: checking if /usr/bin/gcc supports -c -o file.o
configure:7646: /usr/bin/gcc -c -g -O2 -fPIC  -o out/conftest2.o conftest.c >&5
configure:7650: $? = 0
configure:7672: result: yes
configure:7698: checking whether the /usr/bin/gcc linker (/usr/bin/ld -m elf_x86_64) supports shared libraries
configure:8626: result: yes
configure:8647: checking whether -lc should be explicitly linked in
configure:8652: /usr/bin/gcc -c -g -O2 -fPIC  conftest.c >&5
configure:8655: $? = 0
configure:8670: /usr/bin/gcc -shared conftest.o  -v -Wl,-soname -Wl,conftest -o conftest 2\>\&1 \| grep  -lc  \>/dev/null 2\>\&1
configure:8673: $? = 0
configure:8685: result: no
configure:8693: checking dynamic linker characteristics
configure:9291: result: GNU/Linux ld.so
configure:9315: checking how to hardcode library paths into programs
configure:9340: result: immediate
configure:9354: checking whether stripping libraries is possible
configure:9359: result: yes
configure:9876: checking if libtool supports shared libraries
configure:9878: result: yes
configure:9881: checking whether to build shared libraries
configure:9902: result: yes
configure:9905: checking whether to build static libraries
configure:9909: result: no
configure:10004: result:
creating libtool
configure:10735: checking whether the /usr/bin/gcc linker (/usr/bin/ld -m elf_x86_64) supports shared libraries
configure:11633: result: yes
configure:11654: /usr/bin/gcc -c   conftest.cpp >&5
configure:11657: $? = 0
configure:11813: checking for /usr/bin/gcc option to produce PIC
configure:12103: result: 
configure:12174: checking if /usr/bin/gcc static flag  works
configure:12202: result: yes
configure:12212: checking if /usr/bin/gcc supports -c -o file.o
configure:12233: /usr/bin/gcc -c   -o out/conftest2.o conftest.cpp >&5
configure:12237: $? = 0
configure:12259: result: yes
configure:12285: checking whether the /usr/bin/gcc linker (/usr/bin/ld -m elf_x86_64) supports shared libraries
configure:12311: result: yes
configure:12378: checking dynamic linker characteristics
configure:12924: result: GNU/Linux ld.so
configure:12948: checking how to hardcode library paths into programs
configure:12973: result: unsupported
configure:13703: creating ./config.status

## ---------------------- ##
## Running config.status. ##
## ---------------------- ##

This file was extended by config.status, which was
generated by GNU Autoconf 2.69.  Invocation command line was

  CONFIG_FILES    = 
  CONFIG_HEADERS  = 
  CONFIG_LINKS    = 
  CONFIG_COMMANDS = 
  $ ./config.status 

on VM_0_11_centos

config.status:677: creating config.h

## ---------------- ##
## Cache variables. ##
## ---------------- ##

ac_cv_build=x86_64-unknown-linux-gnu
ac_cv_c_compiler_gnu=yes
ac_cv_env_CC_set=set
ac_cv_env_CC_value=/usr/bin/gcc
ac_cv_env_CFLAGS_set=set
ac_cv_env_CFLAGS_value='-g -O2 -fPIC'
ac_cv_env_CPPFLAGS_set=
ac_cv_env_CPPFLAGS_value=
ac_cv_env_CPP_set=
ac_cv_env_CPP_value=
ac_cv_env_LDFLAGS_set=
ac_cv_env_LDFLAGS_value=
ac_cv_env_LIBS_set=
ac_cv_env_LIBS_value=
ac_cv_env_build_alias_set=
ac_cv_env_build_alias_value=
ac_cv_env_host_alias_set=
ac_cv_env_host_alias_value=
ac_cv_env_target_alias_set=
ac_cv_env_target_alias_value=
ac_cv_header_dlfcn_h=yes
ac_cv_header_inttypes_h=yes
ac_cv_header_memory_h=yes
ac_cv_header_stdc=yes
ac_cv_header_stdint_h=yes
ac_cv_header_stdlib_h=yes
ac_cv_header_string_h=yes
ac_cv_header_strings_h=yes
ac_cv_header_sys_stat_h=yes
ac_cv_header_sys_types_h=yes
ac_cv_header_unistd_h=yes
ac_cv_host=x86_64-unknown-linux-gnu
ac_cv_objext=o
ac_cv_path_EGREP='/usr/bin/grep -E'
ac_cv_path_GREP=/usr/bin/grep
ac_cv_prog_AWK=gawk
ac_cv_prog_CPP='/usr/bin/gcc -E'
ac_cv_prog_ac_ct_AR=ar
ac_cv_prog_ac_ct_RANLIB=ranlib
ac_cv_prog_ac_ct_STRIP=strip
ac_cv_prog_cc__usr_bin_gcc_c_o=yes
ac_cv_prog_cc_c89=
ac_cv_prog_cc_g=yes
ac_cv_target=x86_64-unknown-linux-gnu
lt_cv_deplibs_check_method=pass_all
lt_cv_file_magic_cmd='$MAGIC_CMD'
lt_cv_file_magic_test_file=
lt_cv_ld_reload_flag=-r
lt_cv_objdir=.libs
lt_cv_path_LD=/usr/bin/ld
lt_cv_path_LDCXX=
lt_cv_path_NM='/usr/bin/nm -B'
lt_cv_path_SED=/usr/bin/sed
lt_cv_prog_compiler_c_o=yes
lt_cv_prog_compiler_c_o_CXX=yes
lt_cv_prog_compiler_pic_works=yes
lt_cv_prog_compiler_rtti_exceptions=no
lt_cv_prog_compiler_static_works=no
lt_cv_prog_compiler_static_works_CXX=yes
lt_cv_prog_gnu_ld=yes
lt_cv_prog_gnu_ldcxx=
lt_cv_sys_global_symbol_pipe='sed -n -e '\''s/^.*[ 	]\([ABCDGIRSTW][ABCDGIRSTW]*\)[ 	][ 	]*\([_A-Za-z][_A-Za-z0-9]*\)$/\1 \2 \2/p'\'''
lt_cv_sys_global_symbol_to_c_name_address='sed -n -e '\''s/^: \([^ ]*\) $/  {\"\1\", (lt_ptr) 0},/p'\'' -e '\''s/^[BCDEGRST] \([^ ]*\) \([^ ]*\)$/  {"\2", (lt_ptr) \&\2},/p'\'''
lt_cv_sys_global_symbol_to_cdecl='sed -n -e '\''s/^. .* \(.*\)$/extern int \1;/p'\'''
lt_cv_sys_lib_dlsearch_path_spec='/lib /usr/lib /usr/lib64/dyninst /usr/lib64/mysql '
lt_cv_sys_lib_search_path_spec='/usr/lib/gcc/x86_64-redhat-linux/4.8.5 /usr/lib64 /lib64'
lt_cv_sys_max_cmd_len=1572864
lt_lt_cv_prog_compiler_c_o='"yes"'
lt_lt_cv_prog_compiler_c_o_CXX='"yes"'
lt_lt_cv_sys_global_symbol_pipe='"sed -n -e '\''s/^.*[ 	]\\([ABCDGIRSTW][ABCDGIRSTW]*\\)[ 	][ 	]*\\([_A-Za-z][_A-Za-z0-9]*\\)\$/\\1 \\2 \\2/p'\''"'
lt_lt_cv_sys_global_symbol_to_c_name_address='"sed -n -e '\''s/^: \\([^ ]*\\) \$/  {\\\"\\1\\\", (lt_ptr) 0},/p'\'' -e '\''s/^[BCDEGRST] \\([^ ]*\\) \\([^ ]*\\)\$/  {\"\\2\", (lt_ptr) \\&\\2},/p'\''"'
lt_lt_cv_sys_global_symbol_to_cdecl='"sed -n -e '\''s/^. .* \\(.*\\)\$/extern int \\1;/p'\''"'
php_cv_cc_dashr=no
php_cv_cc_rpath=yes

## ----------------- ##
## Output variables. ##
## ----------------- ##

AR='ar'
AWK='gawk'
CC='/usr/bin/gcc'
CFLAGS='-g -O2 -fPIC'
CONFIGURE_COMMAND=' '\''./configure'\''  '\''--with-php-config=/home/work/php/php-7.2.11/.tmp/install/php/bin/php-config'\'''
CONFIGURE_OPTIONS=' '\''--with-php-config=/home/work/php/php-7.2.11/.tmp/install/php/bin/php-config'\'''
CPP='/usr/bin/gcc -E'
CPPFLAGS=' -DHAVE_CONFIG_H'
DEFS='-DHAVE_CONFIG_H'
DSYMUTIL=''
ECHO='echo'
ECHO_C=''
ECHO_N='-n'
ECHO_T=''
EGREP='/usr/bin/grep -E'
EXEEXT=''
GREP='/usr/bin/grep'
LDFLAGS=''
LIBOBJS=''
LIBS=''
LIBTOOL='$(SHELL) $(top_builddir)/libtool'
LN_S='ln -s'
LTLIBOBJS=''
NMEDIT=''
OBJEXT='o'
PACKAGE_BUGREPORT=''
PACKAGE_NAME=''
PACKAGE_STRING=''
PACKAGE_TARNAME=''
PACKAGE_URL=''
PACKAGE_VERSION=''
PATH_SEPARATOR=':'
RANLIB='ranlib'
RE2C='exit 0;'
SED='/usr/bin/sed'
SHELL='/bin/sh'
SHLIB_DL_SUFFIX_NAME='so'
SHLIB_SUFFIX_NAME='so'
STRIP='strip'
ac_ct_CC=''
bindir='${exec_prefix}/bin'
build='x86_64-unknown-linux-gnu'
build_alias=''
build_cpu='x86_64'
build_os='linux-gnu'
build_vendor='unknown'
datadir='${datarootdir}'
datarootdir='${prefix}/share'
docdir='${datarootdir}/doc/${PACKAGE}'
dvidir='${docdir}'
exec_prefix='$(prefix)'
host='x86_64-unknown-linux-gnu'
host_alias='x86_64-unknown-linux-gnu'
host_cpu='x86_64'
host_os='linux-gnu'
host_vendor='unknown'
htmldir='${docdir}'
includedir='${prefix}/include'
infodir='${datarootdir}/info'
libdir='${exec_prefix}/lib'
libexecdir='${exec_prefix}/libexec'
localedir='${datarootdir}/locale'
localstatedir='${prefix}/var'
mandir='${datarootdir}/man'
oldincludedir='/usr/include'
pdfdir='${docdir}'
prefix='/home/work/php/php-7.2.11/.tmp/install/php'
program_transform_name='s,x,x,'
psdir='${docdir}'
sbindir='${exec_prefix}/sbin'
sharedstatedir='${prefix}/com'
sysconfdir='${prefix}/etc'
target='x86_64-unknown-linux-gnu'
target_alias=''
target_cpu='x86_64'
target_os='linux-gnu'
target_vendor='unknown'

## ----------- ##
## confdefs.h. ##
## ----------- ##

/* confdefs.h */
#define PACKAGE_NAME ""
#define PACKAGE_TARNAME ""
#define PACKAGE_VERSION ""
#define PACKAGE_STRING ""
#define PACKAGE_BUGREPORT ""
#define PACKAGE_URL ""
#define COMPILE_DL_MYSQLI 1
#define MYSQLI_USE_MYSQLND 1
#define STDC_HEADERS 1
#define HAVE_SYS_TYPES_H 1
#define HAVE_SYS_STAT_H 1
#define HAVE_STDLIB_H 1
#define HAVE_STRING_H 1
#define HAVE_MEMORY_H 1
#define HAVE_STRINGS_H 1
#define HAVE_INTTYPES_H 1
#define HAVE_STDINT_H 1
#define HAVE_UNISTD_H 1
#define HAVE_DLFCN_H 1

configure: exit 0
